::1 - - [21/Jun/2021:23:08:47 +0700] "GET / HTTP/1.1" 302 - "-" "Mozilla/5.0 (Windows NT 10.0; WOW64) AppleWebKit/537.36 (KHTML, like Gecko) coc_coc_browser/95.0.150 Chrome/89.0.4389.150 Safari/537.36"
::1 - - [21/Jun/2021:23:08:47 +0700] "GET /dashboard/ HTTP/1.1" 200 7577 "-" "Mozilla/5.0 (Windows NT 10.0; WOW64) AppleWebKit/537.36 (KHTML, like Gecko) coc_coc_browser/95.0.150 Chrome/89.0.4389.150 Safari/537.36"
::1 - - [21/Jun/2021:23:08:47 +0700] "GET /dashboard/stylesheets/normalize.css HTTP/1.1" 200 6876 "http://localhost/dashboard/" "Mozilla/5.0 (Windows NT 10.0; WOW64) AppleWebKit/537.36 (KHTML, like Gecko) coc_coc_browser/95.0.150 Chrome/89.0.4389.150 Safari/537.36"
::1 - - [21/Jun/2021:23:08:47 +0700] "GET /dashboard/stylesheets/all.css HTTP/1.1" 200 481698 "http://localhost/dashboard/" "Mozilla/5.0 (Windows NT 10.0; WOW64) AppleWebKit/537.36 (KHTML, like Gecko) coc_coc_browser/95.0.150 Chrome/89.0.4389.150 Safari/537.36"
::1 - - [21/Jun/2021:23:08:47 +0700] "GET /dashboard/javascripts/modernizr.js HTTP/1.1" 200 51365 "http://localhost/dashboard/" "Mozilla/5.0 (Windows NT 10.0; WOW64) AppleWebKit/537.36 (KHTML, like Gecko) coc_coc_browser/95.0.150 Chrome/89.0.4389.150 Safari/537.36"
::1 - - [21/Jun/2021:23:08:48 +0700] "GET /dashboard/javascripts/all.js HTTP/1.1" 200 188385 "http://localhost/dashboard/" "Mozilla/5.0 (Windows NT 10.0; WOW64) AppleWebKit/537.36 (KHTML, like Gecko) coc_coc_browser/95.0.150 Chrome/89.0.4389.150 Safari/537.36"
::1 - - [21/Jun/2021:23:08:48 +0700] "GET /dashboard/images/xampp-logo.svg HTTP/1.1" 200 5427 "http://localhost/dashboard/" "Mozilla/5.0 (Windows NT 10.0; WOW64) AppleWebKit/537.36 (KHTML, like Gecko) coc_coc_browser/95.0.150 Chrome/89.0.4389.150 Safari/537.36"
::1 - - [21/Jun/2021:23:08:48 +0700] "GET /dashboard/images/bitnami-xampp.png HTTP/1.1" 200 22133 "http://localhost/dashboard/" "Mozilla/5.0 (Windows NT 10.0; WOW64) AppleWebKit/537.36 (KHTML, like Gecko) coc_coc_browser/95.0.150 Chrome/89.0.4389.150 Safari/537.36"
::1 - - [21/Jun/2021:23:08:48 +0700] "GET /dashboard/images/fastly-logo.png HTTP/1.1" 200 1770 "http://localhost/dashboard/" "Mozilla/5.0 (Windows NT 10.0; WOW64) AppleWebKit/537.36 (KHTML, like Gecko) coc_coc_browser/95.0.150 Chrome/89.0.4389.150 Safari/537.36"
::1 - - [21/Jun/2021:23:08:48 +0700] "GET /dashboard/images/social-icons.png HTTP/1.1" 200 3361 "http://localhost/dashboard/stylesheets/all.css" "Mozilla/5.0 (Windows NT 10.0; WOW64) AppleWebKit/537.36 (KHTML, like Gecko) coc_coc_browser/95.0.150 Chrome/89.0.4389.150 Safari/537.36"
::1 - - [21/Jun/2021:23:08:48 +0700] "GET /dashboard/images/favicon.png HTTP/1.1" 200 2508 "http://localhost/dashboard/" "Mozilla/5.0 (Windows NT 10.0; WOW64) AppleWebKit/537.36 (KHTML, like Gecko) coc_coc_browser/95.0.150 Chrome/89.0.4389.150 Safari/537.36"
::1 - - [21/Jun/2021:23:09:09 +0700] "GET /phpmyadmin/ HTTP/1.1" 200 17072 "-" "Mozilla/5.0 (Windows NT 10.0; WOW64) AppleWebKit/537.36 (KHTML, like Gecko) coc_coc_browser/95.0.150 Chrome/89.0.4389.150 Safari/537.36"
::1 - - [21/Jun/2021:23:09:09 +0700] "GET /phpmyadmin/themes/pmahomme/jquery/jquery-ui.css HTTP/1.1" 200 36566 "-" "Mozilla/5.0 (Windows NT 10.0; WOW64) AppleWebKit/537.36 (KHTML, like Gecko) coc_coc_browser/95.0.150 Chrome/89.0.4389.150 Safari/537.36"
::1 - - [21/Jun/2021:23:09:09 +0700] "GET /phpmyadmin/js/vendor/codemirror/lib/codemirror.css?v=5.1.0 HTTP/1.1" 200 8728 "-" "Mozilla/5.0 (Windows NT 10.0; WOW64) AppleWebKit/537.36 (KHTML, like Gecko) coc_coc_browser/95.0.150 Chrome/89.0.4389.150 Safari/537.36"
::1 - - [21/Jun/2021:23:09:09 +0700] "GET /phpmyadmin/js/vendor/codemirror/addon/hint/show-hint.css?v=5.1.0 HTTP/1.1" 200 623 "-" "Mozilla/5.0 (Windows NT 10.0; WOW64) AppleWebKit/537.36 (KHTML, like Gecko) coc_coc_browser/95.0.150 Chrome/89.0.4389.150 Safari/537.36"
::1 - - [21/Jun/2021:23:09:09 +0700] "GET /phpmyadmin/js/vendor/codemirror/addon/lint/lint.css?v=5.1.0 HTTP/1.1" 200 2878 "-" "Mozilla/5.0 (Windows NT 10.0; WOW64) AppleWebKit/537.36 (KHTML, like Gecko) coc_coc_browser/95.0.150 Chrome/89.0.4389.150 Safari/537.36"
::1 - - [21/Jun/2021:23:09:09 +0700] "GET /phpmyadmin/themes/pmahomme/css/theme.css?v=5.1.0&nocache=6247129122ltr&server=1 HTTP/1.1" 200 214806 "-" "Mozilla/5.0 (Windows NT 10.0; WOW64) AppleWebKit/537.36 (KHTML, like Gecko) coc_coc_browser/95.0.150 Chrome/89.0.4389.150 Safari/537.36"
::1 - - [21/Jun/2021:23:09:09 +0700] "GET /phpmyadmin/js/vendor/sprintf.js?v=5.1.0 HTTP/1.1" 200 7409 "-" "Mozilla/5.0 (Windows NT 10.0; WOW64) AppleWebKit/537.36 (KHTML, like Gecko) coc_coc_browser/95.0.150 Chrome/89.0.4389.150 Safari/537.36"
::1 - - [21/Jun/2021:23:09:09 +0700] "GET /phpmyadmin/js/vendor/jquery/jquery.min.js?v=5.1.0 HTTP/1.1" 200 89476 "-" "Mozilla/5.0 (Windows NT 10.0; WOW64) AppleWebKit/537.36 (KHTML, like Gecko) coc_coc_browser/95.0.150 Chrome/89.0.4389.150 Safari/537.36"
::1 - - [21/Jun/2021:23:09:09 +0700] "GET /phpmyadmin/js/vendor/jquery/jquery-migrate.js?v=5.1.0 HTTP/1.1" 200 25300 "-" "Mozilla/5.0 (Windows NT 10.0; WOW64) AppleWebKit/537.36 (KHTML, like Gecko) coc_coc_browser/95.0.150 Chrome/89.0.4389.150 Safari/537.36"
::1 - - [21/Jun/2021:23:09:09 +0700] "GET /phpmyadmin/js/dist/ajax.js?v=5.1.0 HTTP/1.1" 200 31313 "-" "Mozilla/5.0 (Windows NT 10.0; WOW64) AppleWebKit/537.36 (KHTML, like Gecko) coc_coc_browser/95.0.150 Chrome/89.0.4389.150 Safari/537.36"
::1 - - [21/Jun/2021:23:09:09 +0700] "GET /phpmyadmin/js/dist/keyhandler.js?v=5.1.0 HTTP/1.1" 200 3003 "-" "Mozilla/5.0 (Windows NT 10.0; WOW64) AppleWebKit/537.36 (KHTML, like Gecko) coc_coc_browser/95.0.150 Chrome/89.0.4389.150 Safari/537.36"
::1 - - [21/Jun/2021:23:09:09 +0700] "GET /phpmyadmin/js/vendor/bootstrap/bootstrap.bundle.min.js?v=5.1.0 HTTP/1.1" 200 84152 "-" "Mozilla/5.0 (Windows NT 10.0; WOW64) AppleWebKit/537.36 (KHTML, like Gecko) coc_coc_browser/95.0.150 Chrome/89.0.4389.150 Safari/537.36"
::1 - - [21/Jun/2021:23:09:09 +0700] "GET /phpmyadmin/js/vendor/jquery/jquery-ui.min.js?v=5.1.0 HTTP/1.1" 200 253669 "-" "Mozilla/5.0 (Windows NT 10.0; WOW64) AppleWebKit/537.36 (KHTML, like Gecko) coc_coc_browser/95.0.150 Chrome/89.0.4389.150 Safari/537.36"
::1 - - [21/Jun/2021:23:09:09 +0700] "GET /phpmyadmin/js/vendor/js.cookie.js?v=5.1.0 HTTP/1.1" 200 3883 "-" "Mozilla/5.0 (Windows NT 10.0; WOW64) AppleWebKit/537.36 (KHTML, like Gecko) coc_coc_browser/95.0.150 Chrome/89.0.4389.150 Safari/537.36"
::1 - - [21/Jun/2021:23:09:09 +0700] "GET /phpmyadmin/js/vendor/jquery/jquery.mousewheel.js?v=5.1.0 HTTP/1.1" 200 8267 "-" "Mozilla/5.0 (Windows NT 10.0; WOW64) AppleWebKit/537.36 (KHTML, like Gecko) coc_coc_browser/95.0.150 Chrome/89.0.4389.150 Safari/537.36"
::1 - - [21/Jun/2021:23:09:09 +0700] "GET /phpmyadmin/js/vendor/jquery/jquery.event.drag-2.2.js?v=5.1.0 HTTP/1.1" 200 13469 "-" "Mozilla/5.0 (Windows NT 10.0; WOW64) AppleWebKit/537.36 (KHTML, like Gecko) coc_coc_browser/95.0.150 Chrome/89.0.4389.150 Safari/537.36"
::1 - - [21/Jun/2021:23:09:09 +0700] "GET /phpmyadmin/js/vendor/jquery/jquery.validate.js?v=5.1.0 HTTP/1.1" 200 50963 "-" "Mozilla/5.0 (Windows NT 10.0; WOW64) AppleWebKit/537.36 (KHTML, like Gecko) coc_coc_browser/95.0.150 Chrome/89.0.4389.150 Safari/537.36"
::1 - - [21/Jun/2021:23:09:09 +0700] "GET /phpmyadmin/js/vendor/jquery/jquery-ui-timepicker-addon.js?v=5.1.0 HTTP/1.1" 200 78475 "-" "Mozilla/5.0 (Windows NT 10.0; WOW64) AppleWebKit/537.36 (KHTML, like Gecko) coc_coc_browser/95.0.150 Chrome/89.0.4389.150 Safari/537.36"
::1 - - [21/Jun/2021:23:09:09 +0700] "GET /phpmyadmin/js/vendor/jquery/jquery.ba-hashchange-2.0.js?v=5.1.0 HTTP/1.1" 200 10505 "-" "Mozilla/5.0 (Windows NT 10.0; WOW64) AppleWebKit/537.36 (KHTML, like Gecko) coc_coc_browser/95.0.150 Chrome/89.0.4389.150 Safari/537.36"
::1 - - [21/Jun/2021:23:09:09 +0700] "GET /phpmyadmin/js/vendor/jquery/jquery.debounce-1.0.6.js?v=5.1.0 HTTP/1.1" 200 1608 "-" "Mozilla/5.0 (Windows NT 10.0; WOW64) AppleWebKit/537.36 (KHTML, like Gecko) coc_coc_browser/95.0.150 Chrome/89.0.4389.150 Safari/537.36"
::1 - - [21/Jun/2021:23:09:09 +0700] "GET /phpmyadmin/js/dist/menu_resizer.js?v=5.1.0 HTTP/1.1" 200 5644 "-" "Mozilla/5.0 (Windows NT 10.0; WOW64) AppleWebKit/537.36 (KHTML, like Gecko) coc_coc_browser/95.0.150 Chrome/89.0.4389.150 Safari/537.36"
::1 - - [21/Jun/2021:23:09:09 +0700] "GET /phpmyadmin/js/dist/cross_framing_protection.js?v=5.1.0 HTTP/1.1" 200 419 "-" "Mozilla/5.0 (Windows NT 10.0; WOW64) AppleWebKit/537.36 (KHTML, like Gecko) coc_coc_browser/95.0.150 Chrome/89.0.4389.150 Safari/537.36"
::1 - - [21/Jun/2021:23:09:09 +0700] "GET /phpmyadmin/js/dist/rte.js?v=5.1.0 HTTP/1.1" 200 39947 "-" "Mozilla/5.0 (Windows NT 10.0; WOW64) AppleWebKit/537.36 (KHTML, like Gecko) coc_coc_browser/95.0.150 Chrome/89.0.4389.150 Safari/537.36"
::1 - - [21/Jun/2021:23:09:09 +0700] "GET /phpmyadmin/js/vendor/tracekit.js?v=5.1.0 HTTP/1.1" 200 45389 "-" "Mozilla/5.0 (Windows NT 10.0; WOW64) AppleWebKit/537.36 (KHTML, like Gecko) coc_coc_browser/95.0.150 Chrome/89.0.4389.150 Safari/537.36"
::1 - - [21/Jun/2021:23:09:09 +0700] "GET /phpmyadmin/js/dist/error_report.js?v=5.1.0 HTTP/1.1" 200 9621 "-" "Mozilla/5.0 (Windows NT 10.0; WOW64) AppleWebKit/537.36 (KHTML, like Gecko) coc_coc_browser/95.0.150 Chrome/89.0.4389.150 Safari/537.36"
::1 - - [21/Jun/2021:23:09:09 +0700] "GET /phpmyadmin/js/dist/config.js?v=5.1.0 HTTP/1.1" 200 24956 "-" "Mozilla/5.0 (Windows NT 10.0; WOW64) AppleWebKit/537.36 (KHTML, like Gecko) coc_coc_browser/95.0.150 Chrome/89.0.4389.150 Safari/537.36"
::1 - - [21/Jun/2021:23:09:09 +0700] "GET /phpmyadmin/js/dist/doclinks.js?v=5.1.0 HTTP/1.1" 200 18275 "-" "Mozilla/5.0 (Windows NT 10.0; WOW64) AppleWebKit/537.36 (KHTML, like Gecko) coc_coc_browser/95.0.150 Chrome/89.0.4389.150 Safari/537.36"
::1 - - [21/Jun/2021:23:09:09 +0700] "GET /phpmyadmin/js/dist/functions.js?v=5.1.0 HTTP/1.1" 200 161199 "-" "Mozilla/5.0 (Windows NT 10.0; WOW64) AppleWebKit/537.36 (KHTML, like Gecko) coc_coc_browser/95.0.150 Chrome/89.0.4389.150 Safari/537.36"
::1 - - [21/Jun/2021:23:09:09 +0700] "GET /phpmyadmin/js/dist/navigation.js?v=5.1.0 HTTP/1.1" 200 53993 "-" "Mozilla/5.0 (Windows NT 10.0; WOW64) AppleWebKit/537.36 (KHTML, like Gecko) coc_coc_browser/95.0.150 Chrome/89.0.4389.150 Safari/537.36"
::1 - - [21/Jun/2021:23:09:09 +0700] "GET /phpmyadmin/js/dist/indexes.js?v=5.1.0 HTTP/1.1" 200 26344 "-" "Mozilla/5.0 (Windows NT 10.0; WOW64) AppleWebKit/537.36 (KHTML, like Gecko) coc_coc_browser/95.0.150 Chrome/89.0.4389.150 Safari/537.36"
::1 - - [21/Jun/2021:23:09:09 +0700] "GET /phpmyadmin/js/dist/common.js?v=5.1.0 HTTP/1.1" 200 4367 "-" "Mozilla/5.0 (Windows NT 10.0; WOW64) AppleWebKit/537.36 (KHTML, like Gecko) coc_coc_browser/95.0.150 Chrome/89.0.4389.150 Safari/537.36"
::1 - - [21/Jun/2021:23:09:09 +0700] "GET /phpmyadmin/js/dist/page_settings.js?v=5.1.0 HTTP/1.1" 200 1568 "-" "Mozilla/5.0 (Windows NT 10.0; WOW64) AppleWebKit/537.36 (KHTML, like Gecko) coc_coc_browser/95.0.150 Chrome/89.0.4389.150 Safari/537.36"
::1 - - [21/Jun/2021:23:09:09 +0700] "GET /phpmyadmin/js/dist/drag_drop_import.js?v=5.1.0 HTTP/1.1" 200 12308 "-" "Mozilla/5.0 (Windows NT 10.0; WOW64) AppleWebKit/537.36 (KHTML, like Gecko) coc_coc_browser/95.0.150 Chrome/89.0.4389.150 Safari/537.36"
::1 - - [21/Jun/2021:23:09:09 +0700] "GET /phpmyadmin/js/dist/shortcuts_handler.js?v=5.1.0 HTTP/1.1" 200 3306 "-" "Mozilla/5.0 (Windows NT 10.0; WOW64) AppleWebKit/537.36 (KHTML, like Gecko) coc_coc_browser/95.0.150 Chrome/89.0.4389.150 Safari/537.36"
::1 - - [21/Jun/2021:23:09:09 +0700] "GET /phpmyadmin/js/vendor/codemirror/mode/sql/sql.js?v=5.1.0 HTTP/1.1" 200 47998 "-" "Mozilla/5.0 (Windows NT 10.0; WOW64) AppleWebKit/537.36 (KHTML, like Gecko) coc_coc_browser/95.0.150 Chrome/89.0.4389.150 Safari/537.36"
::1 - - [21/Jun/2021:23:09:09 +0700] "GET /phpmyadmin/js/vendor/codemirror/lib/codemirror.js?v=5.1.0 HTTP/1.1" 200 398241 "-" "Mozilla/5.0 (Windows NT 10.0; WOW64) AppleWebKit/537.36 (KHTML, like Gecko) coc_coc_browser/95.0.150 Chrome/89.0.4389.150 Safari/537.36"
::1 - - [21/Jun/2021:23:09:09 +0700] "GET /phpmyadmin/js/vendor/codemirror/addon/runmode/runmode.js?v=5.1.0 HTTP/1.1" 200 2767 "-" "Mozilla/5.0 (Windows NT 10.0; WOW64) AppleWebKit/537.36 (KHTML, like Gecko) coc_coc_browser/95.0.150 Chrome/89.0.4389.150 Safari/537.36"
::1 - - [21/Jun/2021:23:09:09 +0700] "GET /phpmyadmin/js/vendor/codemirror/addon/hint/show-hint.js?v=5.1.0 HTTP/1.1" 200 18948 "-" "Mozilla/5.0 (Windows NT 10.0; WOW64) AppleWebKit/537.36 (KHTML, like Gecko) coc_coc_browser/95.0.150 Chrome/89.0.4389.150 Safari/537.36"
::1 - - [21/Jun/2021:23:09:09 +0700] "GET /phpmyadmin/js/vendor/codemirror/addon/hint/sql-hint.js?v=5.1.0 HTTP/1.1" 200 9604 "-" "Mozilla/5.0 (Windows NT 10.0; WOW64) AppleWebKit/537.36 (KHTML, like Gecko) coc_coc_browser/95.0.150 Chrome/89.0.4389.150 Safari/537.36"
::1 - - [21/Jun/2021:23:09:09 +0700] "GET /phpmyadmin/js/vendor/codemirror/addon/lint/lint.js?v=5.1.0 HTTP/1.1" 200 9125 "-" "Mozilla/5.0 (Windows NT 10.0; WOW64) AppleWebKit/537.36 (KHTML, like Gecko) coc_coc_browser/95.0.150 Chrome/89.0.4389.150 Safari/537.36"
::1 - - [21/Jun/2021:23:09:09 +0700] "GET /phpmyadmin/js/dist/codemirror/addon/lint/sql-lint.js?v=5.1.0 HTTP/1.1" 200 959 "-" "Mozilla/5.0 (Windows NT 10.0; WOW64) AppleWebKit/537.36 (KHTML, like Gecko) coc_coc_browser/95.0.150 Chrome/89.0.4389.150 Safari/537.36"
::1 - - [21/Jun/2021:23:09:09 +0700] "GET /phpmyadmin/js/dist/console.js?v=5.1.0 HTTP/1.1" 200 49656 "-" "Mozilla/5.0 (Windows NT 10.0; WOW64) AppleWebKit/537.36 (KHTML, like Gecko) coc_coc_browser/95.0.150 Chrome/89.0.4389.150 Safari/537.36"
::1 - - [21/Jun/2021:23:09:09 +0700] "GET /phpmyadmin/js/messages.php?l=vi&v=5.1.0 HTTP/1.1" 200 9701 "-" "Mozilla/5.0 (Windows NT 10.0; WOW64) AppleWebKit/537.36 (KHTML, like Gecko) coc_coc_browser/95.0.150 Chrome/89.0.4389.150 Safari/537.36"
::1 - - [21/Jun/2021:23:09:10 +0700] "GET /phpmyadmin/themes/dot.gif HTTP/1.1" 200 43 "-" "Mozilla/5.0 (Windows NT 10.0; WOW64) AppleWebKit/537.36 (KHTML, like Gecko) coc_coc_browser/95.0.150 Chrome/89.0.4389.150 Safari/537.36"
::1 - - [21/Jun/2021:23:09:10 +0700] "GET /phpmyadmin/themes/pmahomme/img/logo_left.png HTTP/1.1" 200 2713 "-" "Mozilla/5.0 (Windows NT 10.0; WOW64) AppleWebKit/537.36 (KHTML, like Gecko) coc_coc_browser/95.0.150 Chrome/89.0.4389.150 Safari/537.36"
::1 - - [21/Jun/2021:23:09:10 +0700] "GET /phpmyadmin/themes/pmahomme/css/printview.css?v=5.1.0 HTTP/1.1" 200 1392 "-" "Mozilla/5.0 (Windows NT 10.0; WOW64) AppleWebKit/537.36 (KHTML, like Gecko) coc_coc_browser/95.0.150 Chrome/89.0.4389.150 Safari/537.36"
::1 - - [21/Jun/2021:23:09:10 +0700] "GET /phpmyadmin/themes/pmahomme/img/left_nav_bg.png HTTP/1.1" 200 146 "http://localhost/phpmyadmin/themes/pmahomme/css/theme.css?v=5.1.0&nocache=6247129122ltr&server=1" "Mozilla/5.0 (Windows NT 10.0; WOW64) AppleWebKit/537.36 (KHTML, like Gecko) coc_coc_browser/95.0.150 Chrome/89.0.4389.150 Safari/537.36"
::1 - - [21/Jun/2021:23:09:10 +0700] "GET /phpmyadmin/themes/pmahomme/img/b_home.png HTTP/1.1" 200 734 "http://localhost/phpmyadmin/themes/pmahomme/css/theme.css?v=5.1.0&nocache=6247129122ltr&server=1" "Mozilla/5.0 (Windows NT 10.0; WOW64) AppleWebKit/537.36 (KHTML, like Gecko) coc_coc_browser/95.0.150 Chrome/89.0.4389.150 Safari/537.36"
::1 - - [21/Jun/2021:23:09:10 +0700] "GET /phpmyadmin/themes/pmahomme/img/s_loggoff.png HTTP/1.1" 200 626 "http://localhost/phpmyadmin/themes/pmahomme/css/theme.css?v=5.1.0&nocache=6247129122ltr&server=1" "Mozilla/5.0 (Windows NT 10.0; WOW64) AppleWebKit/537.36 (KHTML, like Gecko) coc_coc_browser/95.0.150 Chrome/89.0.4389.150 Safari/537.36"
::1 - - [21/Jun/2021:23:09:10 +0700] "GET /phpmyadmin/themes/pmahomme/img/b_docs.png HTTP/1.1" 200 705 "http://localhost/phpmyadmin/themes/pmahomme/css/theme.css?v=5.1.0&nocache=6247129122ltr&server=1" "Mozilla/5.0 (Windows NT 10.0; WOW64) AppleWebKit/537.36 (KHTML, like Gecko) coc_coc_browser/95.0.150 Chrome/89.0.4389.150 Safari/537.36"
::1 - - [21/Jun/2021:23:09:10 +0700] "GET /phpmyadmin/themes/pmahomme/img/s_cog.png HTTP/1.1" 200 442 "http://localhost/phpmyadmin/themes/pmahomme/css/theme.css?v=5.1.0&nocache=6247129122ltr&server=1" "Mozilla/5.0 (Windows NT 10.0; WOW64) AppleWebKit/537.36 (KHTML, like Gecko) coc_coc_browser/95.0.150 Chrome/89.0.4389.150 Safari/537.36"
::1 - - [21/Jun/2021:23:09:10 +0700] "GET /phpmyadmin/themes/pmahomme/img/b_sqlhelp.png HTTP/1.1" 200 512 "http://localhost/phpmyadmin/themes/pmahomme/css/theme.css?v=5.1.0&nocache=6247129122ltr&server=1" "Mozilla/5.0 (Windows NT 10.0; WOW64) AppleWebKit/537.36 (KHTML, like Gecko) coc_coc_browser/95.0.150 Chrome/89.0.4389.150 Safari/537.36"
::1 - - [21/Jun/2021:23:09:10 +0700] "GET /phpmyadmin/themes/pmahomme/img/s_reload.png HTTP/1.1" 200 527 "http://localhost/phpmyadmin/themes/pmahomme/css/theme.css?v=5.1.0&nocache=6247129122ltr&server=1" "Mozilla/5.0 (Windows NT 10.0; WOW64) AppleWebKit/537.36 (KHTML, like Gecko) coc_coc_browser/95.0.150 Chrome/89.0.4389.150 Safari/537.36"
::1 - - [21/Jun/2021:23:09:10 +0700] "GET /phpmyadmin/themes/pmahomme/img/s_link.png HTTP/1.1" 200 280 "http://localhost/phpmyadmin/themes/pmahomme/css/theme.css?v=5.1.0&nocache=6247129122ltr&server=1" "Mozilla/5.0 (Windows NT 10.0; WOW64) AppleWebKit/537.36 (KHTML, like Gecko) coc_coc_browser/95.0.150 Chrome/89.0.4389.150 Safari/537.36"
::1 - - [21/Jun/2021:23:09:10 +0700] "GET /phpmyadmin/themes/pmahomme/img/b_newdb.png HTTP/1.1" 200 585 "http://localhost/phpmyadmin/themes/pmahomme/css/theme.css?v=5.1.0&nocache=6247129122ltr&server=1" "Mozilla/5.0 (Windows NT 10.0; WOW64) AppleWebKit/537.36 (KHTML, like Gecko) coc_coc_browser/95.0.150 Chrome/89.0.4389.150 Safari/537.36"
::1 - - [21/Jun/2021:23:09:10 +0700] "GET /phpmyadmin/themes/pmahomme/img/b_plus.png HTTP/1.1" 200 143 "http://localhost/phpmyadmin/themes/pmahomme/css/theme.css?v=5.1.0&nocache=6247129122ltr&server=1" "Mozilla/5.0 (Windows NT 10.0; WOW64) AppleWebKit/537.36 (KHTML, like Gecko) coc_coc_browser/95.0.150 Chrome/89.0.4389.150 Safari/537.36"
::1 - - [21/Jun/2021:23:09:10 +0700] "GET /phpmyadmin/themes/pmahomme/img/s_db.png HTTP/1.1" 200 328 "http://localhost/phpmyadmin/themes/pmahomme/css/theme.css?v=5.1.0&nocache=6247129122ltr&server=1" "Mozilla/5.0 (Windows NT 10.0; WOW64) AppleWebKit/537.36 (KHTML, like Gecko) coc_coc_browser/95.0.150 Chrome/89.0.4389.150 Safari/537.36"
::1 - - [21/Jun/2021:23:09:10 +0700] "GET /phpmyadmin/themes/pmahomme/img/s_host.png HTTP/1.1" 200 591 "http://localhost/phpmyadmin/themes/pmahomme/css/theme.css?v=5.1.0&nocache=6247129122ltr&server=1" "Mozilla/5.0 (Windows NT 10.0; WOW64) AppleWebKit/537.36 (KHTML, like Gecko) coc_coc_browser/95.0.150 Chrome/89.0.4389.150 Safari/537.36"
::1 - - [21/Jun/2021:23:09:10 +0700] "GET /phpmyadmin/themes/pmahomme/img/b_sql.png HTTP/1.1" 200 680 "http://localhost/phpmyadmin/themes/pmahomme/css/theme.css?v=5.1.0&nocache=6247129122ltr&server=1" "Mozilla/5.0 (Windows NT 10.0; WOW64) AppleWebKit/537.36 (KHTML, like Gecko) coc_coc_browser/95.0.150 Chrome/89.0.4389.150 Safari/537.36"
::1 - - [21/Jun/2021:23:09:10 +0700] "GET /phpmyadmin/themes/pmahomme/img/s_status.png HTTP/1.1" 200 600 "http://localhost/phpmyadmin/themes/pmahomme/css/theme.css?v=5.1.0&nocache=6247129122ltr&server=1" "Mozilla/5.0 (Windows NT 10.0; WOW64) AppleWebKit/537.36 (KHTML, like Gecko) coc_coc_browser/95.0.150 Chrome/89.0.4389.150 Safari/537.36"
::1 - - [21/Jun/2021:23:09:10 +0700] "GET /phpmyadmin/themes/pmahomme/img/s_rights.png HTTP/1.1" 200 461 "http://localhost/phpmyadmin/themes/pmahomme/css/theme.css?v=5.1.0&nocache=6247129122ltr&server=1" "Mozilla/5.0 (Windows NT 10.0; WOW64) AppleWebKit/537.36 (KHTML, like Gecko) coc_coc_browser/95.0.150 Chrome/89.0.4389.150 Safari/537.36"
::1 - - [21/Jun/2021:23:09:10 +0700] "GET /phpmyadmin/themes/pmahomme/img/b_export.png HTTP/1.1" 200 514 "http://localhost/phpmyadmin/themes/pmahomme/css/theme.css?v=5.1.0&nocache=6247129122ltr&server=1" "Mozilla/5.0 (Windows NT 10.0; WOW64) AppleWebKit/537.36 (KHTML, like Gecko) coc_coc_browser/95.0.150 Chrome/89.0.4389.150 Safari/537.36"
::1 - - [21/Jun/2021:23:09:10 +0700] "GET /phpmyadmin/themes/pmahomme/img/b_import.png HTTP/1.1" 200 556 "http://localhost/phpmyadmin/themes/pmahomme/css/theme.css?v=5.1.0&nocache=6247129122ltr&server=1" "Mozilla/5.0 (Windows NT 10.0; WOW64) AppleWebKit/537.36 (KHTML, like Gecko) coc_coc_browser/95.0.150 Chrome/89.0.4389.150 Safari/537.36"
::1 - - [21/Jun/2021:23:09:10 +0700] "GET /phpmyadmin/themes/pmahomme/img/b_tblops.png HTTP/1.1" 200 537 "http://localhost/phpmyadmin/themes/pmahomme/css/theme.css?v=5.1.0&nocache=6247129122ltr&server=1" "Mozilla/5.0 (Windows NT 10.0; WOW64) AppleWebKit/537.36 (KHTML, like Gecko) coc_coc_browser/95.0.150 Chrome/89.0.4389.150 Safari/537.36"
::1 - - [21/Jun/2021:23:09:10 +0700] "GET /phpmyadmin/themes/pmahomme/img/s_vars.png HTTP/1.1" 200 523 "http://localhost/phpmyadmin/themes/pmahomme/css/theme.css?v=5.1.0&nocache=6247129122ltr&server=1" "Mozilla/5.0 (Windows NT 10.0; WOW64) AppleWebKit/537.36 (KHTML, like Gecko) coc_coc_browser/95.0.150 Chrome/89.0.4389.150 Safari/537.36"
::1 - - [21/Jun/2021:23:09:10 +0700] "GET /phpmyadmin/themes/pmahomme/img/s_replication.png HTTP/1.1" 200 399 "http://localhost/phpmyadmin/themes/pmahomme/css/theme.css?v=5.1.0&nocache=6247129122ltr&server=1" "Mozilla/5.0 (Windows NT 10.0; WOW64) AppleWebKit/537.36 (KHTML, like Gecko) coc_coc_browser/95.0.150 Chrome/89.0.4389.150 Safari/537.36"
::1 - - [21/Jun/2021:23:09:10 +0700] "GET /phpmyadmin/themes/pmahomme/img/s_asci.png HTTP/1.1" 200 148 "http://localhost/phpmyadmin/themes/pmahomme/css/theme.css?v=5.1.0&nocache=6247129122ltr&server=1" "Mozilla/5.0 (Windows NT 10.0; WOW64) AppleWebKit/537.36 (KHTML, like Gecko) coc_coc_browser/95.0.150 Chrome/89.0.4389.150 Safari/537.36"
::1 - - [21/Jun/2021:23:09:10 +0700] "GET /phpmyadmin/themes/pmahomme/img/b_engine.png HTTP/1.1" 200 398 "http://localhost/phpmyadmin/themes/pmahomme/css/theme.css?v=5.1.0&nocache=6247129122ltr&server=1" "Mozilla/5.0 (Windows NT 10.0; WOW64) AppleWebKit/537.36 (KHTML, like Gecko) coc_coc_browser/95.0.150 Chrome/89.0.4389.150 Safari/537.36"
::1 - - [21/Jun/2021:23:09:10 +0700] "GET /phpmyadmin/themes/pmahomme/img/b_plugin.png HTTP/1.1" 200 512 "http://localhost/phpmyadmin/themes/pmahomme/css/theme.css?v=5.1.0&nocache=6247129122ltr&server=1" "Mozilla/5.0 (Windows NT 10.0; WOW64) AppleWebKit/537.36 (KHTML, like Gecko) coc_coc_browser/95.0.150 Chrome/89.0.4389.150 Safari/537.36"
::1 - - [21/Jun/2021:23:09:10 +0700] "GET /phpmyadmin/themes/pmahomme/img/s_top.png HTTP/1.1" 200 220 "http://localhost/phpmyadmin/themes/pmahomme/css/theme.css?v=5.1.0&nocache=6247129122ltr&server=1" "Mozilla/5.0 (Windows NT 10.0; WOW64) AppleWebKit/537.36 (KHTML, like Gecko) coc_coc_browser/95.0.150 Chrome/89.0.4389.150 Safari/537.36"
::1 - - [21/Jun/2021:23:09:10 +0700] "GET /phpmyadmin/themes/pmahomme/img/console.png HTTP/1.1" 200 292 "http://localhost/phpmyadmin/themes/pmahomme/css/theme.css?v=5.1.0&nocache=6247129122ltr&server=1" "Mozilla/5.0 (Windows NT 10.0; WOW64) AppleWebKit/537.36 (KHTML, like Gecko) coc_coc_browser/95.0.150 Chrome/89.0.4389.150 Safari/537.36"
::1 - - [21/Jun/2021:23:09:10 +0700] "GET /phpmyadmin/themes/pmahomme/img/b_help.png HTTP/1.1" 200 705 "http://localhost/phpmyadmin/themes/pmahomme/css/theme.css?v=5.1.0&nocache=6247129122ltr&server=1" "Mozilla/5.0 (Windows NT 10.0; WOW64) AppleWebKit/537.36 (KHTML, like Gecko) coc_coc_browser/95.0.150 Chrome/89.0.4389.150 Safari/537.36"
::1 - - [21/Jun/2021:23:09:10 +0700] "GET /phpmyadmin/themes/pmahomme/img/s_lang.png HTTP/1.1" 200 659 "http://localhost/phpmyadmin/themes/pmahomme/css/theme.css?v=5.1.0&nocache=6247129122ltr&server=1" "Mozilla/5.0 (Windows NT 10.0; WOW64) AppleWebKit/537.36 (KHTML, like Gecko) coc_coc_browser/95.0.150 Chrome/89.0.4389.150 Safari/537.36"
::1 - - [21/Jun/2021:23:09:10 +0700] "GET /phpmyadmin/themes/pmahomme/img/s_theme.png HTTP/1.1" 200 772 "http://localhost/phpmyadmin/themes/pmahomme/css/theme.css?v=5.1.0&nocache=6247129122ltr&server=1" "Mozilla/5.0 (Windows NT 10.0; WOW64) AppleWebKit/537.36 (KHTML, like Gecko) coc_coc_browser/95.0.150 Chrome/89.0.4389.150 Safari/537.36"
::1 - - [21/Jun/2021:23:09:10 +0700] "GET /phpmyadmin/themes/pmahomme/img/window-new.png HTTP/1.1" 200 468 "http://localhost/phpmyadmin/themes/pmahomme/css/theme.css?v=5.1.0&nocache=6247129122ltr&server=1" "Mozilla/5.0 (Windows NT 10.0; WOW64) AppleWebKit/537.36 (KHTML, like Gecko) coc_coc_browser/95.0.150 Chrome/89.0.4389.150 Safari/537.36"
::1 - - [21/Jun/2021:23:09:10 +0700] "GET /phpmyadmin/themes/pmahomme/img/s_notice.png HTTP/1.1" 200 567 "http://localhost/phpmyadmin/themes/pmahomme/css/theme.css?v=5.1.0&nocache=6247129122ltr&server=1" "Mozilla/5.0 (Windows NT 10.0; WOW64) AppleWebKit/537.36 (KHTML, like Gecko) coc_coc_browser/95.0.150 Chrome/89.0.4389.150 Safari/537.36"
::1 - - [21/Jun/2021:23:09:10 +0700] "GET /phpmyadmin/favicon.ico HTTP/1.1" 200 22486 "-" "Mozilla/5.0 (Windows NT 10.0; WOW64) AppleWebKit/537.36 (KHTML, like Gecko) coc_coc_browser/95.0.150 Chrome/89.0.4389.150 Safari/537.36"
::1 - - [21/Jun/2021:23:09:10 +0700] "POST /phpmyadmin/index.php?route=/config/get HTTP/1.1" 200 1679 "-" "Mozilla/5.0 (Windows NT 10.0; WOW64) AppleWebKit/537.36 (KHTML, like Gecko) coc_coc_browser/95.0.150 Chrome/89.0.4389.150 Safari/537.36"
::1 - - [21/Jun/2021:23:09:10 +0700] "GET /phpmyadmin/themes/pmahomme/img/b_more.png HTTP/1.1" 200 111 "http://localhost/phpmyadmin/themes/pmahomme/css/theme.css?v=5.1.0&nocache=6247129122ltr&server=1" "Mozilla/5.0 (Windows NT 10.0; WOW64) AppleWebKit/537.36 (KHTML, like Gecko) coc_coc_browser/95.0.150 Chrome/89.0.4389.150 Safari/537.36"
::1 - - [21/Jun/2021:23:09:10 +0700] "POST /phpmyadmin/index.php?route=/navigation&ajax_request=1 HTTP/1.1" 200 2453 "-" "Mozilla/5.0 (Windows NT 10.0; WOW64) AppleWebKit/537.36 (KHTML, like Gecko) coc_coc_browser/95.0.150 Chrome/89.0.4389.150 Safari/537.36"
::1 - - [21/Jun/2021:23:09:10 +0700] "POST /phpmyadmin/index.php?route=/config/get HTTP/1.1" 200 1769 "-" "Mozilla/5.0 (Windows NT 10.0; WOW64) AppleWebKit/537.36 (KHTML, like Gecko) coc_coc_browser/95.0.150 Chrome/89.0.4389.150 Safari/537.36"
::1 - - [21/Jun/2021:23:09:10 +0700] "POST /phpmyadmin/index.php?route=/database/structure/favorite-table&ajax_request=1&favorite_table=1&sync_favorite_tables=1 HTTP/1.1" 200 175 "-" "Mozilla/5.0 (Windows NT 10.0; WOW64) AppleWebKit/537.36 (KHTML, like Gecko) coc_coc_browser/95.0.150 Chrome/89.0.4389.150 Safari/537.36"
::1 - - [21/Jun/2021:23:09:10 +0700] "POST /phpmyadmin/index.php?route=/version-check HTTP/1.1" 200 64 "-" "Mozilla/5.0 (Windows NT 10.0; WOW64) AppleWebKit/537.36 (KHTML, like Gecko) coc_coc_browser/95.0.150 Chrome/89.0.4389.150 Safari/537.36"
::1 - - [21/Jun/2021:23:09:10 +0700] "POST /phpmyadmin/index.php?route=/config/set HTTP/1.1" 200 1671 "-" "Mozilla/5.0 (Windows NT 10.0; WOW64) AppleWebKit/537.36 (KHTML, like Gecko) coc_coc_browser/95.0.150 Chrome/89.0.4389.150 Safari/537.36"
